<?xml version="1.0" encoding="UTF-8"?>
<!-- Generated by org.testng.reporters.JUnitXMLReporter -->
<testsuite ignored="0" hostname="DESKTOP-H4IH0R6" failures="0" tests="3" name="Command line test" time="1.369" errors="0" timestamp="18 jun 2023 17:36:54 GMT">
  <testcase classname="org.hposadas.Articles" name="createAndDeleteArticle" time="0.642"/>
  <testcase classname="org.hposadas.Articles" name="deleteNonExistingArticle_FailMessage" time="0.268"/>
  <testcase classname="org.hposadas.Articles" name="getArticlesList" time="0.452"/>
</testsuite> <!-- Command line test -->
